<?xml version="1.0" encoding="UTF-8"?>
<testsuite name="org.zerock.guestbook.service.GuestbookServiceTests" tests="1" skipped="0" failures="0" errors="0" timestamp="2024-07-16T07:49:22" hostname="21-MANIC-006" time="0.284">
  <properties/>
  <testcase name="testList()" classname="org.zerock.guestbook.service.GuestbookServiceTests" time="0.284"/>
  <system-out><![CDATA[16:49:19.807 [Test worker] DEBUG org.springframework.boot.test.context.SpringBootTestContextBootstrapper - Neither @ContextConfiguration nor @ContextHierarchy found for test class [GuestbookServiceTests]: using SpringBootContextLoader
16:49:19.811 [Test worker] DEBUG org.springframework.test.context.support.AbstractContextLoader - Could not detect default resource locations for test class [org.zerock.guestbook.service.GuestbookServiceTests]: no resource found for suffixes {-context.xml, Context.groovy}.
16:49:19.811 [Test worker] INFO org.springframework.test.context.support.AnnotationConfigContextLoaderUtils - Could not detect default configuration classes for test class [org.zerock.guestbook.service.GuestbookServiceTests]: GuestbookServiceTests does not declare any static, non-private, non-final, nested classes annotated with @Configuration.
16:49:19.828 [Test worker] DEBUG org.springframework.boot.test.context.SpringBootTestContextBootstrapper - Using ContextCustomizers for test class [GuestbookServiceTests]: [DisableObservabilityContextCustomizer, PropertyMappingContextCustomizer, Customizer, ExcludeFilterContextCustomizer, DuplicateJsonObjectContextCustomizer, MockitoContextCustomizer, TestRestTemplateContextCustomizer]
16:49:19.871 [Test worker] DEBUG org.springframework.context.annotation.ClassPathScanningCandidateComponentProvider - Identified candidate component class: file [D:\IntelliJ\guestbook\build\classes\java\main\org\zerock\guestbook\GuestbookApplication.class]
16:49:19.871 [Test worker] INFO org.springframework.boot.test.context.SpringBootTestContextBootstrapper - Found @SpringBootConfiguration org.zerock.guestbook.GuestbookApplication for test class org.zerock.guestbook.service.GuestbookServiceTests
16:49:19.961 [Test worker] DEBUG org.springframework.boot.test.context.SpringBootTestContextBootstrapper - Using TestExecutionListeners for test class [GuestbookServiceTests]: [ServletTestExecutionListener, DirtiesContextBeforeModesTestExecutionListener, ApplicationEventsTestExecutionListener, MockitoTestExecutionListener, DependencyInjectionTestExecutionListener, DirtiesContextTestExecutionListener, TransactionalTestExecutionListener, SqlScriptsTestExecutionListener, EventPublishingTestExecutionListener, RestDocsTestExecutionListener, MockRestServiceServerResetTestExecutionListener, MockMvcPrintOnlyOnFailureTestExecutionListener, WebDriverTestExecutionListener, MockWebServiceServerTestExecutionListener, ResetMocksTestExecutionListener]
16:49:19.962 [Test worker] DEBUG org.springframework.test.context.support.AbstractDirtiesContextTestExecutionListener - Before test class: class [GuestbookServiceTests], class annotated with @DirtiesContext [false] with mode [null]

  .   ____          _            __ _ _
 /\\ / ___'_ __ _ _(_)_ __  __ _ \ \ \ \
( ( )\___ | '_ | '_| | '_ \/ _` | \ \ \ \
 \\/  ___)| |_)| | | | | || (_| |  ) ) ) )
  '  |____| .__|_| |_|_| |_\__, | / / / /
 =========|_|==============|___/=/_/_/_/
 :: Spring Boot ::                (v3.0.4)

2024-07-16T16:49:20.163+09:00  INFO 9424 --- [    Test worker] o.z.g.service.GuestbookServiceTests      : Starting GuestbookServiceTests using Java 17.0.11 with PID 9424 (started by 21-manic-006g in D:\IntelliJ\guestbook)
2024-07-16T16:49:20.165+09:00  INFO 9424 --- [    Test worker] o.z.g.service.GuestbookServiceTests      : No active profile set, falling back to 1 default profile: "default"
2024-07-16T16:49:20.735+09:00  INFO 9424 --- [    Test worker] .s.d.r.c.RepositoryConfigurationDelegate : Bootstrapping Spring Data JPA repositories in DEFAULT mode.
2024-07-16T16:49:20.780+09:00  INFO 9424 --- [    Test worker] .s.d.r.c.RepositoryConfigurationDelegate : Finished Spring Data repository scanning in 39 ms. Found 1 JPA repository interfaces.
2024-07-16T16:49:21.108+09:00  INFO 9424 --- [    Test worker] o.hibernate.jpa.internal.util.LogHelper  : HHH000204: Processing PersistenceUnitInfo [name: default]
2024-07-16T16:49:21.149+09:00  INFO 9424 --- [    Test worker] org.hibernate.Version                    : HHH000412: Hibernate ORM core version 6.1.7.Final
2024-07-16T16:49:21.383+09:00  INFO 9424 --- [    Test worker] com.zaxxer.hikari.HikariDataSource       : HikariPool-1 - Starting...
2024-07-16T16:49:21.437+09:00  INFO 9424 --- [    Test worker] com.zaxxer.hikari.pool.HikariPool        : HikariPool-1 - Added connection org.mariadb.jdbc.Connection@485451d8
2024-07-16T16:49:21.439+09:00  INFO 9424 --- [    Test worker] com.zaxxer.hikari.HikariDataSource       : HikariPool-1 - Start completed.
2024-07-16T16:49:21.468+09:00  INFO 9424 --- [    Test worker] SQL dialect                              : HHH000400: Using dialect: org.hibernate.dialect.MariaDBDialect
2024-07-16T16:49:21.977+09:00  INFO 9424 --- [    Test worker] o.h.e.t.j.p.i.JtaPlatformInitiator       : HHH000490: Using JtaPlatform implementation: [org.hibernate.engine.transaction.jta.platform.internal.NoJtaPlatform]
2024-07-16T16:49:21.983+09:00  INFO 9424 --- [    Test worker] j.LocalContainerEntityManagerFactoryBean : Initialized JPA EntityManagerFactory for persistence unit 'default'
2024-07-16T16:49:22.377+09:00  WARN 9424 --- [    Test worker] JpaBaseConfiguration$JpaWebConfiguration : spring.jpa.open-in-view is enabled by default. Therefore, database queries may be performed during view rendering. Explicitly configure spring.jpa.open-in-view to disable this warning
2024-07-16T16:49:22.528+09:00  INFO 9424 --- [    Test worker] o.s.b.a.w.s.WelcomePageHandlerMapping    : Adding welcome page: class path resource [static/index.html]
2024-07-16T16:49:22.725+09:00  INFO 9424 --- [    Test worker] o.z.g.service.GuestbookServiceTests      : Started GuestbookServiceTests in 2.727 seconds (process running for 3.736)
Hibernate: 
    select
        g1_0.gno,
        g1_0.content,
        g1_0.moddate,
        g1_0.regdate,
        g1_0.title,
        g1_0.writer 
    from
        guestbook g1_0 
    order by
        g1_0.gno desc limit ?,
        ?
Hibernate: 
    select
        count(g1_0.gno) 
    from
        guestbook g1_0
GuestbookDTO(gno=292, title=Title....292, content=Content...292, writer=user2, regDate=2024-07-16T15:19:26.697261, modDate=2024-07-16T15:19:26.697261)
GuestbookDTO(gno=291, title=Title....291, content=Content...291, writer=user1, regDate=2024-07-16T15:19:26.697261, modDate=2024-07-16T15:19:26.697261)
GuestbookDTO(gno=290, title=Title....290, content=Content...290, writer=user0, regDate=2024-07-16T15:19:26.697261, modDate=2024-07-16T15:19:26.697261)
GuestbookDTO(gno=289, title=Title....289, content=Content...289, writer=user9, regDate=2024-07-16T15:19:26.697261, modDate=2024-07-16T15:19:26.697261)
GuestbookDTO(gno=288, title=Title....288, content=Content...288, writer=user8, regDate=2024-07-16T15:19:26.691627, modDate=2024-07-16T15:19:26.691627)
GuestbookDTO(gno=287, title=Title....287, content=Content...287, writer=user7, regDate=2024-07-16T15:19:26.691627, modDate=2024-07-16T15:19:26.691627)
GuestbookDTO(gno=286, title=Title....286, content=Content...286, writer=user6, regDate=2024-07-16T15:19:26.681115, modDate=2024-07-16T15:19:26.681115)
GuestbookDTO(gno=285, title=Title....285, content=Content...285, writer=user5, regDate=2024-07-16T15:19:26.681115, modDate=2024-07-16T15:19:26.681115)
GuestbookDTO(gno=284, title=Title....284, content=Content...284, writer=user4, regDate=2024-07-16T15:19:26.681115, modDate=2024-07-16T15:19:26.681115)
GuestbookDTO(gno=283, title=Title....283, content=Content...283, writer=user3, regDate=2024-07-16T15:19:26.681115, modDate=2024-07-16T15:19:26.681115)
]]></system-out>
  <system-err><![CDATA[]]></system-err>
</testsuite>
